<?xml version="1.0" encoding="UTF-8"?>
<coverage generated="1725734517131" clover="3.2.0">
  <project timestamp="1725734517131" name="All files">
    <metrics statements="161" coveredstatements="151" conditionals="139" coveredconditionals="94" methods="47" coveredmethods="39" elements="347" coveredelements="284" complexity="0" loc="161" ncloc="161" packages="2" files="5" classes="5"/>
    <package name="src">
      <metrics statements="32" coveredstatements="31" conditionals="27" coveredconditionals="23" methods="15" coveredmethods="10"/>
      <file name="index.ts" path="C:\Code\adax-core\src\index.ts">
        <metrics statements="32" coveredstatements="31" conditionals="27" coveredconditionals="23" methods="15" coveredmethods="10"/>
        <line num="1" count="1" type="stmt"/>
        <line num="2" count="1" type="stmt"/>
        <line num="3" count="1" type="stmt"/>
        <line num="4" count="1" type="stmt"/>
        <line num="8" count="22" type="stmt"/>
        <line num="9" count="1" type="stmt"/>
        <line num="10" count="27" type="stmt"/>
        <line num="13" count="1" type="stmt"/>
        <line num="15" count="1" type="stmt"/>
        <line num="20" count="196" type="stmt"/>
        <line num="21" count="196" type="stmt"/>
        <line num="22" count="196" type="stmt"/>
        <line num="24" count="196" type="stmt"/>
        <line num="25" count="196" type="stmt"/>
        <line num="26" count="196" type="cond" truecount="1" falsecount="0"/>
        <line num="27" count="98" type="stmt"/>
        <line num="32" count="1" type="stmt"/>
        <line num="39" count="60" type="cond" truecount="3" falsecount="1"/>
        <line num="40" count="60" type="cond" truecount="5" falsecount="1"/>
        <line num="41" count="60" type="stmt"/>
        <line num="42" count="60" type="cond" truecount="3" falsecount="0"/>
        <line num="43" count="4" type="cond" truecount="2" falsecount="1"/>
        <line num="44" count="0" type="stmt"/>
        <line num="46" count="4" type="cond" truecount="2" falsecount="0"/>
        <line num="47" count="2" type="stmt"/>
        <line num="48" count="2" type="cond" truecount="1" falsecount="0"/>
        <line num="49" count="2" type="stmt"/>
        <line num="52" count="60" type="stmt"/>
        <line num="53" count="62" type="stmt"/>
        <line num="61" count="60" type="stmt"/>
        <line num="62" count="2" type="stmt"/>
        <line num="71" count="60" type="stmt"/>
      </file>
    </package>
    <package name="src.store">
      <metrics statements="129" coveredstatements="120" conditionals="112" coveredconditionals="71" methods="32" coveredmethods="29"/>
      <file name="index.ts" path="C:\Code\adax-core\src\store\index.ts">
        <metrics statements="17" coveredstatements="14" conditionals="6" coveredconditionals="3" methods="3" coveredmethods="2"/>
        <line num="9" count="2" type="stmt"/>
        <line num="16" count="2" type="stmt"/>
        <line num="23" count="1" type="stmt"/>
        <line num="24" count="1" type="stmt"/>
        <line num="25" count="1" type="stmt"/>
        <line num="28" count="2" type="stmt"/>
        <line num="29" count="2" type="stmt"/>
        <line num="30" count="2" type="stmt"/>
        <line num="31" count="2" type="stmt"/>
        <line num="35" count="0" type="stmt"/>
        <line num="38" count="2" type="stmt"/>
        <line num="39" count="60" type="cond" truecount="2" falsecount="1"/>
        <line num="40" count="0" type="cond" truecount="0" falsecount="2"/>
        <line num="41" count="0" type="stmt"/>
        <line num="43" count="60" type="stmt"/>
        <line num="47" count="1" type="stmt"/>
        <line num="49" count="1" type="stmt"/>
      </file>
      <file name="read.ts" path="C:\Code\adax-core\src\store\read.ts">
        <metrics statements="45" coveredstatements="45" conditionals="78" coveredconditionals="47" methods="15" coveredmethods="14"/>
        <line num="7" count="1" type="stmt"/>
        <line num="8" count="1" type="stmt"/>
        <line num="10" count="1" type="cond" truecount="0" falsecount="12"/>
        <line num="12" count="1" type="stmt"/>
        <line num="13" count="4295" type="stmt"/>
        <line num="14" count="4295" type="stmt"/>
        <line num="15" count="4295" type="stmt"/>
        <line num="19" count="1" type="stmt"/>
        <line num="20" count="4295" type="cond" truecount="5" falsecount="2"/>
        <line num="23" count="4295" type="stmt"/>
        <line num="27" count="1" type="stmt"/>
        <line num="36" count="336" type="cond" truecount="6" falsecount="2"/>
        <line num="37" count="4306" type="cond" truecount="3" falsecount="2"/>
        <line num="38" count="4306" type="cond" truecount="1" falsecount="0"/>
        <line num="39" count="336" type="stmt"/>
        <line num="41" count="4306" type="stmt"/>
        <line num="42" count="4306" type="cond" truecount="2" falsecount="0"/>
        <line num="43" count="4306" type="cond" truecount="4" falsecount="2"/>
        <line num="48" count="4306" type="cond" truecount="6" falsecount="1"/>
        <line num="49" count="4295" type="stmt"/>
        <line num="50" count="4295" type="stmt"/>
        <line num="52" count="4295" type="stmt"/>
        <line num="53" count="4295" type="cond" truecount="5" falsecount="1"/>
        <line num="56" count="4306" type="stmt"/>
        <line num="63" count="1" type="stmt"/>
        <line num="67" count="196" type="stmt"/>
        <line num="68" count="196" type="stmt"/>
        <line num="69" count="196" type="stmt"/>
        <line num="70" count="196" type="cond" truecount="4" falsecount="0"/>
        <line num="71" count="12" type="stmt"/>
        <line num="72" count="12" type="cond" truecount="4" falsecount="1"/>
        <line num="73" count="12" type="cond" truecount="3" falsecount="1"/>
        <line num="74" count="15" type="stmt"/>
        <line num="77" count="12" type="cond" truecount="1" falsecount="0"/>
        <line num="78" count="12" type="stmt"/>
        <line num="79" count="36" type="cond" truecount="1" falsecount="0"/>
        <line num="80" count="19" type="stmt"/>
        <line num="84" count="184" type="cond" truecount="1" falsecount="0"/>
        <line num="85" count="86" type="stmt"/>
        <line num="86" count="302" type="stmt"/>
        <line num="89" count="196" type="stmt"/>
        <line num="90" count="4295" type="stmt"/>
        <line num="92" count="196" type="stmt"/>
        <line num="93" count="4295" type="stmt"/>
        <line num="95" count="196" type="stmt"/>
      </file>
      <file name="utils.ts" path="C:\Code\adax-core\src\store\utils.ts">
        <metrics statements="26" coveredstatements="23" conditionals="3" coveredconditionals="3" methods="8" coveredmethods="7"/>
        <line num="2" count="1" type="stmt"/>
        <line num="3" count="380" type="stmt"/>
        <line num="5" count="1" type="stmt"/>
        <line num="6" count="0" type="stmt"/>
        <line num="7" count="0" type="stmt"/>
        <line num="9" count="0" type="stmt"/>
        <line num="13" count="1" type="stmt"/>
        <line num="15" count="2" type="stmt"/>
        <line num="16" count="2" type="stmt"/>
        <line num="17" count="100" type="stmt"/>
        <line num="18" count="100" type="stmt"/>
        <line num="19" count="100" type="stmt"/>
        <line num="20" count="100" type="cond" truecount="2" falsecount="0"/>
        <line num="21" count="47" type="stmt"/>
        <line num="22" count="47" type="stmt"/>
        <line num="23" count="10" type="stmt"/>
        <line num="26" count="53" type="stmt"/>
        <line num="28" count="100" type="stmt"/>
        <line num="32" count="1" type="stmt"/>
        <line num="34" count="2" type="stmt"/>
        <line num="35" count="120" type="stmt"/>
        <line num="36" count="120" type="stmt"/>
        <line num="37" count="120" type="cond" truecount="1" falsecount="0"/>
        <line num="38" count="118" type="stmt"/>
        <line num="40" count="120" type="stmt"/>
        <line num="41" count="7" type="stmt"/>
      </file>
      <file name="write.ts" path="C:\Code\adax-core\src\store\write.ts">
        <metrics statements="41" coveredstatements="38" conditionals="25" coveredconditionals="18" methods="6" coveredmethods="6"/>
        <line num="9" count="1" type="stmt"/>
        <line num="11" count="1" type="stmt"/>
        <line num="17" count="15" type="cond" truecount="1" falsecount="0"/>
        <line num="18" count="12" type="stmt"/>
        <line num="20" count="15" type="stmt"/>
        <line num="21" count="15" type="cond" truecount="1" falsecount="0"/>
        <line num="22" count="15" type="stmt"/>
        <line num="28" count="15" type="cond" truecount="1" falsecount="0"/>
        <line num="29" count="13" type="stmt"/>
        <line num="31" count="15" type="stmt"/>
        <line num="32" count="15" type="cond" truecount="1" falsecount="0"/>
        <line num="33" count="15" type="stmt"/>
        <line num="39" count="1" type="stmt"/>
        <line num="43" count="1" type="stmt"/>
        <line num="44" count="1" type="cond" truecount="4" falsecount="1"/>
        <line num="45" count="1" type="stmt"/>
        <line num="46" count="1" type="cond" truecount="0" falsecount="1"/>
        <line num="47" count="0" type="stmt"/>
        <line num="50" count="1" type="stmt"/>
        <line num="51" count="1" type="cond" truecount="4" falsecount="1"/>
        <line num="52" count="1" type="stmt"/>
        <line num="53" count="1" type="cond" truecount="0" falsecount="1"/>
        <line num="54" count="0" type="stmt"/>
        <line num="59" count="1" type="cond" truecount="1" falsecount="0"/>
        <line num="60" count="26" type="stmt"/>
        <line num="61" count="26" type="stmt"/>
        <line num="64" count="1" type="stmt"/>
        <line num="67" count="1" type="stmt"/>
        <line num="69" count="62" type="cond" truecount="1" falsecount="0"/>
        <line num="70" count="5" type="stmt"/>
        <line num="72" count="62" type="stmt"/>
        <line num="73" count="62" type="stmt"/>
        <line num="76" count="1" type="stmt"/>
        <line num="77" count="1" type="cond" truecount="0" falsecount="1"/>
        <line num="78" count="2" type="stmt"/>
        <line num="79" count="2" type="cond" truecount="1" falsecount="0"/>
        <line num="80" count="2" type="stmt"/>
        <line num="81" count="2" type="cond" truecount="0" falsecount="1"/>
        <line num="82" count="0" type="stmt"/>
        <line num="88" count="1" type="stmt"/>
        <line num="99" count="98" type="stmt"/>
      </file>
    </package>
  </project>
</coverage>
