{"C:\\Code\\adax-core\\src\\index.ts": {"path":"C:\\Code\\adax-core\\src\\index.ts","statementMap":{"0":{"start":{"line":1,"column":0},"end":{"line":1,"column":57}},"1":{"start":{"line":2,"column":0},"end":{"line":2,"column":44}},"2":{"start":{"line":3,"column":0},"end":{"line":3,"column":66}},"3":{"start":{"line":4,"column":0},"end":{"line":4,"column":63}},"4":{"start":{"line":8,"column":0},"end":{"line":8,"column":9}},"5":{"start":{"line":8,"column":9},"end":{"line":8,"column":22}},"6":{"start":{"line":8,"column":22},"end":{"line":8,"column":57}},"7":{"start":{"line":9,"column":0},"end":{"line":9,"column":9}},"8":{"start":{"line":9,"column":9},"end":{"line":9,"column":23}},"9":{"start":{"line":9,"column":23},"end":{"line":9,"column":58}},"10":{"start":{"line":10,"column":0},"end":{"line":10,"column":9}},"11":{"start":{"line":10,"column":9},"end":{"line":10,"column":19}},"12":{"start":{"line":10,"column":19},"end":{"line":10,"column":32}},"13":{"start":{"line":10,"column":32},"end":{"line":10,"column":41}},"14":{"start":{"line":10,"column":41},"end":{"line":10,"column":53}},"15":{"start":{"line":10,"column":53},"end":{"line":10,"column":68}},"16":{"start":{"line":10,"column":68},"end":{"line":10,"column":102}},"17":{"start":{"line":13,"column":13},"end":{"line":13,"column":51}},"18":{"start":{"line":15,"column":23},"end":{"line":30,"column":3}},"19":{"start":{"line":20,"column":53},"end":{"line":20,"column":100}},"20":{"start":{"line":21,"column":4},"end":{"line":21,"column":28}},"21":{"start":{"line":22,"column":4},"end":{"line":22,"column":18}},"22":{"start":{"line":24,"column":4},"end":{"line":29,"column":7}},"23":{"start":{"line":25,"column":6},"end":{"line":25,"column":21}},"24":{"start":{"line":26,"column":6},"end":{"line":28,"column":7}},"25":{"start":{"line":27,"column":8},"end":{"line":27,"column":76}},"26":{"start":{"line":15,"column":13},"end":{"line":15,"column":23}},"27":{"start":{"line":32,"column":25},"end":{"line":72,"column":1}},"28":{"start":{"line":39,"column":16},"end":{"line":39,"column":46}},"29":{"start":{"line":40,"column":17},"end":{"line":40,"column":118}},"30":{"start":{"line":41,"column":17},"end":{"line":41,"column":28}},"31":{"start":{"line":42,"column":2},"end":{"line":51,"column":3}},"32":{"start":{"line":43,"column":4},"end":{"line":45,"column":5}},"33":{"start":{"line":44,"column":6},"end":{"line":44,"column":null}},"34":{"start":{"line":46,"column":4},"end":{"line":50,"column":5}},"35":{"start":{"line":47,"column":6},"end":{"line":47,"column":59}},"36":{"start":{"line":48,"column":11},"end":{"line":50,"column":5}},"37":{"start":{"line":49,"column":6},"end":{"line":49,"column":59}},"38":{"start":{"line":52,"column":20},"end":{"line":60,"column":3}},"39":{"start":{"line":53,"column":4},"end":{"line":59,"column":16}},"40":{"start":{"line":61,"column":26},"end":{"line":70,"column":3}},"41":{"start":{"line":62,"column":4},"end":{"line":69,"column":16}},"42":{"start":{"line":71,"column":2},"end":{"line":71,"column":48}},"43":{"start":{"line":32,"column":13},"end":{"line":32,"column":25}}},"fnMap":{"0":{"name":"(anonymous_0)","decl":{"start":{"line":8,"column":9},"end":{"line":8,"column":20}},"loc":{"start":{"line":8,"column":9},"end":{"line":8,"column":22}}},"1":{"name":"(anonymous_1)","decl":{"start":{"line":8,"column":22},"end":{"line":8,"column":33}},"loc":{"start":{"line":8,"column":22},"end":{"line":8,"column":57}}},"2":{"name":"(anonymous_2)","decl":{"start":{"line":9,"column":9},"end":{"line":9,"column":21}},"loc":{"start":{"line":9,"column":9},"end":{"line":9,"column":23}}},"3":{"name":"(anonymous_3)","decl":{"start":{"line":9,"column":23},"end":{"line":9,"column":35}},"loc":{"start":{"line":9,"column":23},"end":{"line":9,"column":58}}},"4":{"name":"(anonymous_4)","decl":{"start":{"line":10,"column":9},"end":{"line":10,"column":17}},"loc":{"start":{"line":10,"column":9},"end":{"line":10,"column":19}}},"5":{"name":"(anonymous_5)","decl":{"start":{"line":10,"column":19},"end":{"line":10,"column":30}},"loc":{"start":{"line":10,"column":19},"end":{"line":10,"column":32}}},"6":{"name":"(anonymous_6)","decl":{"start":{"line":10,"column":32},"end":{"line":10,"column":39}},"loc":{"start":{"line":10,"column":32},"end":{"line":10,"column":41}}},"7":{"name":"(anonymous_7)","decl":{"start":{"line":10,"column":41},"end":{"line":10,"column":51}},"loc":{"start":{"line":10,"column":41},"end":{"line":10,"column":53}}},"8":{"name":"(anonymous_8)","decl":{"start":{"line":10,"column":53},"end":{"line":10,"column":66}},"loc":{"start":{"line":10,"column":53},"end":{"line":10,"column":68}}},"9":{"name":"(anonymous_9)","decl":{"start":{"line":10,"column":68},"end":{"line":10,"column":78}},"loc":{"start":{"line":10,"column":68},"end":{"line":10,"column":102}}},"10":{"name":"(anonymous_10)","decl":{"start":{"line":15,"column":23},"end":{"line":15,"column":null}},"loc":{"start":{"line":19,"column":6},"end":{"line":30,"column":3}}},"11":{"name":"(anonymous_11)","decl":{"start":{"line":24,"column":15},"end":{"line":24,"column":17}},"loc":{"start":{"line":24,"column":19},"end":{"line":29,"column":5}}},"12":{"name":"(anonymous_12)","decl":{"start":{"line":32,"column":25},"end":{"line":32,"column":null}},"loc":{"start":{"line":38,"column":4},"end":{"line":72,"column":1}}},"13":{"name":"(anonymous_13)","decl":{"start":{"line":52,"column":20},"end":{"line":52,"column":23}},"loc":{"start":{"line":52,"column":25},"end":{"line":60,"column":3}}},"14":{"name":"(anonymous_14)","decl":{"start":{"line":61,"column":26},"end":{"line":61,"column":29}},"loc":{"start":{"line":61,"column":31},"end":{"line":70,"column":3}}}},"branchMap":{"0":{"loc":{"start":{"line":18,"column":4},"end":{"line":18,"column":61}},"type":"default-arg","locations":[{"start":{"line":18,"column":38},"end":{"line":18,"column":61}}]},"1":{"loc":{"start":{"line":26,"column":6},"end":{"line":28,"column":7}},"type":"if","locations":[{"start":{"line":26,"column":6},"end":{"line":28,"column":7}}]},"2":{"loc":{"start":{"line":36,"column":2},"end":{"line":36,"column":28}},"type":"default-arg","locations":[{"start":{"line":36,"column":26},"end":{"line":36,"column":28}}]},"3":{"loc":{"start":{"line":37,"column":2},"end":{"line":37,"column":59}},"type":"default-arg","locations":[{"start":{"line":37,"column":36},"end":{"line":37,"column":59}}]},"4":{"loc":{"start":{"line":39,"column":16},"end":{"line":39,"column":46}},"type":"cond-expr","locations":[{"start":{"line":39,"column":29},"end":{"line":39,"column":33}},{"start":{"line":39,"column":33},"end":{"line":39,"column":46}}]},"5":{"loc":{"start":{"line":39,"column":16},"end":{"line":39,"column":33}},"type":"binary-expr","locations":[{"start":{"line":39,"column":16},"end":{"line":39,"column":33}},{"start":{"line":39,"column":29},"end":{"line":39,"column":33}}]},"6":{"loc":{"start":{"line":40,"column":25},"end":{"line":40,"column":83}},"type":"cond-expr","locations":[{"start":{"line":40,"column":55},"end":{"line":40,"column":64}},{"start":{"line":40,"column":66},"end":{"line":40,"column":83}}]},"7":{"loc":{"start":{"line":40,"column":25},"end":{"line":40,"column":52}},"type":"cond-expr","locations":[{"start":{"line":40,"column":32},"end":{"line":40,"column":34}},{"start":{"line":40,"column":25},"end":{"line":40,"column":52}}]},"8":{"loc":{"start":{"line":40,"column":25},"end":{"line":40,"column":34}},"type":"binary-expr","locations":[{"start":{"line":40,"column":25},"end":{"line":40,"column":34}},{"start":{"line":40,"column":25},"end":{"line":40,"column":34}}]},"9":{"loc":{"start":{"line":42,"column":2},"end":{"line":51,"column":3}},"type":"if","locations":[{"start":{"line":42,"column":2},"end":{"line":51,"column":3}}]},"10":{"loc":{"start":{"line":42,"column":6},"end":{"line":42,"column":46}},"type":"binary-expr","locations":[{"start":{"line":42,"column":6},"end":{"line":42,"column":24}},{"start":{"line":42,"column":28},"end":{"line":42,"column":46}}]},"11":{"loc":{"start":{"line":43,"column":4},"end":{"line":45,"column":5}},"type":"if","locations":[{"start":{"line":43,"column":4},"end":{"line":45,"column":5}}]},"12":{"loc":{"start":{"line":43,"column":8},"end":{"line":43,"column":48}},"type":"binary-expr","locations":[{"start":{"line":43,"column":8},"end":{"line":43,"column":26}},{"start":{"line":43,"column":30},"end":{"line":43,"column":48}}]},"13":{"loc":{"start":{"line":46,"column":4},"end":{"line":50,"column":5}},"type":"if","locations":[{"start":{"line":46,"column":4},"end":{"line":50,"column":5}},{"start":{"line":48,"column":11},"end":{"line":50,"column":5}}]},"14":{"loc":{"start":{"line":48,"column":11},"end":{"line":50,"column":5}},"type":"if","locations":[{"start":{"line":48,"column":11},"end":{"line":50,"column":5}}]},"15":{"loc":{"start":{"line":56,"column":17},"end":{"line":56,"column":32}},"type":"binary-expr","locations":[{"start":{"line":56,"column":17},"end":{"line":56,"column":26}},{"start":{"line":56,"column":30},"end":{"line":56,"column":32}}]},"16":{"loc":{"start":{"line":66,"column":17},"end":{"line":66,"column":32}},"type":"binary-expr","locations":[{"start":{"line":66,"column":17},"end":{"line":66,"column":26}},{"start":{"line":66,"column":30},"end":{"line":66,"column":32}}]}},"s":{"0":1,"1":1,"2":1,"3":1,"4":1,"5":2,"6":22,"7":1,"8":1,"9":1,"10":1,"11":1,"12":1,"13":16,"14":2,"15":27,"16":1,"17":1,"18":1,"19":196,"20":196,"21":196,"22":196,"23":196,"24":196,"25":98,"26":1,"27":1,"28":60,"29":60,"30":60,"31":60,"32":4,"33":0,"34":4,"35":2,"36":2,"37":2,"38":60,"39":62,"40":60,"41":2,"42":60,"43":1},"f":{"0":1,"1":21,"2":0,"3":0,"4":0,"5":0,"6":15,"7":1,"8":26,"9":0,"10":196,"11":196,"12":60,"13":62,"14":2},"b":{"0":[97],"1":[98],"2":[53],"3":[58],"4":[0,60],"5":[60,60],"6":[1,59],"7":[0,60],"8":[60,60],"9":[4],"10":[60,58],"11":[0],"12":[4,2],"13":[2,2],"14":[2],"15":[62,4],"16":[2,0]}}
,"C:\\Code\\adax-core\\src\\store\\index.ts": {"path":"C:\\Code\\adax-core\\src\\store\\index.ts","statementMap":{"0":{"start":{"line":9,"column":4},"end":{"line":9,"column":35}},"1":{"start":{"line":16,"column":4},"end":{"line":21,"column":13}},"2":{"start":{"line":38,"column":11},"end":{"line":44,"column":null}},"3":{"start":{"line":39,"column":8},"end":{"line":42,"column":9}},"4":{"start":{"line":40,"column":12},"end":{"line":40,"column":92}},"5":{"start":{"line":41,"column":12},"end":{"line":41,"column":85}},"6":{"start":{"line":43,"column":8},"end":{"line":43,"column":105}},"7":{"start":{"line":28,"column":8},"end":{"line":28,"column":27}},"8":{"start":{"line":29,"column":8},"end":{"line":29,"column":31}},"9":{"start":{"line":30,"column":8},"end":{"line":30,"column":41}},"10":{"start":{"line":31,"column":8},"end":{"line":31,"column":41}},"11":{"start":{"line":35,"column":8},"end":{"line":35,"column":37}},"12":{"start":{"line":49,"column":9},"end":{"line":49,"column":20}},"13":{"start":{"line":23,"column":19},"end":{"line":23,"column":37}},"14":{"start":{"line":24,"column":19},"end":{"line":24,"column":40}},"15":{"start":{"line":25,"column":19},"end":{"line":25,"column":46}},"16":{"start":{"line":47,"column":13},"end":{"line":47,"column":45}}},"fnMap":{"0":{"name":"(anonymous_0)","decl":{"start":{"line":27,"column":4},"end":{"line":27,"column":23}},"loc":{"start":{"line":27,"column":119},"end":{"line":32,"column":5}}},"1":{"name":"(anonymous_1)","decl":{"start":{"line":38,"column":25},"end":{"line":38,"column":28}},"loc":{"start":{"line":38,"column":30},"end":{"line":44,"column":5}}},"2":{"name":"(anonymous_2)","decl":{"start":{"line":34,"column":4},"end":{"line":34,"column":10}},"loc":{"start":{"line":34,"column":26},"end":{"line":36,"column":5}}}},"branchMap":{"0":{"loc":{"start":{"line":27,"column":23},"end":{"line":27,"column":119}},"type":"default-arg","locations":[{"start":{"line":27,"column":56},"end":{"line":27,"column":119}}]},"1":{"loc":{"start":{"line":39,"column":8},"end":{"line":42,"column":9}},"type":"if","locations":[{"start":{"line":39,"column":8},"end":{"line":42,"column":9}}]},"2":{"loc":{"start":{"line":39,"column":11},"end":{"line":39,"column":72}},"type":"binary-expr","locations":[{"start":{"line":39,"column":11},"end":{"line":39,"column":31}},{"start":{"line":39,"column":35},"end":{"line":39,"column":72}}]},"3":{"loc":{"start":{"line":40,"column":37},"end":{"line":40,"column":91}},"type":"binary-expr","locations":[{"start":{"line":40,"column":37},"end":{"line":40,"column":86}},{"start":{"line":40,"column":90},"end":{"line":40,"column":91}}]}},"s":{"0":2,"1":2,"2":2,"3":60,"4":0,"5":0,"6":60,"7":2,"8":2,"9":2,"10":2,"11":0,"12":1,"13":1,"14":1,"15":1,"16":1},"f":{"0":2,"1":60,"2":0},"b":{"0":[2],"1":[0],"2":[60,1],"3":[0,0]}}
,"C:\\Code\\adax-core\\src\\store\\read.ts": {"path":"C:\\Code\\adax-core\\src\\store\\read.ts","statementMap":{"0":{"start":{"line":7,"column":0},"end":{"line":7,"column":37}},"1":{"start":{"line":8,"column":0},"end":{"line":8,"column":51}},"2":{"start":{"line":10,"column":28},"end":{"line":10,"column":140}},"3":{"start":{"line":10,"column":106},"end":{"line":10,"column":140}},"4":{"start":{"line":10,"column":13},"end":{"line":10,"column":28}},"5":{"start":{"line":12,"column":20},"end":{"line":16,"column":1}},"6":{"start":{"line":13,"column":2},"end":{"line":13,"column":62}},"7":{"start":{"line":14,"column":2},"end":{"line":14,"column":64}},"8":{"start":{"line":15,"column":2},"end":{"line":15,"column":68}},"9":{"start":{"line":19,"column":20},"end":{"line":25,"column":1}},"10":{"start":{"line":20,"column":2},"end":{"line":24,"column":3}},"11":{"start":{"line":23,"column":4},"end":{"line":23,"column":54}},"12":{"start":{"line":27,"column":23},"end":{"line":61,"column":1}},"13":{"start":{"line":36,"column":2},"end":{"line":60,"column":5}},"14":{"start":{"line":37,"column":4},"end":{"line":37,"column":44}},"15":{"start":{"line":37,"column":37},"end":{"line":37,"column":44}},"16":{"start":{"line":38,"column":4},"end":{"line":40,"column":5}},"17":{"start":{"line":39,"column":6},"end":{"line":39,"column":61}},"18":{"start":{"line":41,"column":31},"end":{"line":41,"column":54}},"19":{"start":{"line":42,"column":18},"end":{"line":42,"column":71}},"20":{"start":{"line":43,"column":4},"end":{"line":47,"column":6}},"21":{"start":{"line":48,"column":4},"end":{"line":55,"column":5}},"22":{"start":{"line":49,"column":6},"end":{"line":51,"column":9}},"23":{"start":{"line":50,"column":8},"end":{"line":50,"column":44}},"24":{"start":{"line":52,"column":6},"end":{"line":54,"column":9}},"25":{"start":{"line":53,"column":8},"end":{"line":53,"column":65}},"26":{"start":{"line":56,"column":4},"end":{"line":59,"column":7}},"27":{"start":{"line":63,"column":29},"end":{"line":96,"column":3}},"28":{"start":{"line":67,"column":62},"end":{"line":67,"column":71}},"29":{"start":{"line":68,"column":53},"end":{"line":68,"column":55}},"30":{"start":{"line":69,"column":51},"end":{"line":69,"column":53}},"31":{"start":{"line":70,"column":4},"end":{"line":88,"column":5}},"32":{"start":{"line":71,"column":25},"end":{"line":71,"column":69}},"33":{"start":{"line":72,"column":6},"end":{"line":76,"column":7}},"34":{"start":{"line":73,"column":8},"end":{"line":75,"column":11}},"35":{"start":{"line":74,"column":10},"end":{"line":74,"column":127}},"36":{"start":{"line":77,"column":6},"end":{"line":83,"column":7}},"37":{"start":{"line":78,"column":8},"end":{"line":82,"column":11}},"38":{"start":{"line":79,"column":10},"end":{"line":81,"column":11}},"39":{"start":{"line":80,"column":12},"end":{"line":80,"column":123}},"40":{"start":{"line":84,"column":11},"end":{"line":88,"column":5}},"41":{"start":{"line":85,"column":6},"end":{"line":87,"column":9}},"42":{"start":{"line":86,"column":8},"end":{"line":86,"column":119}},"43":{"start":{"line":89,"column":24},"end":{"line":91,"column":5}},"44":{"start":{"line":90,"column":6},"end":{"line":90,"column":65}},"45":{"start":{"line":90,"column":59},"end":{"line":90,"column":63}},"46":{"start":{"line":92,"column":25},"end":{"line":94,"column":5}},"47":{"start":{"line":93,"column":6},"end":{"line":93,"column":65}},"48":{"start":{"line":93,"column":59},"end":{"line":93,"column":63}},"49":{"start":{"line":95,"column":4},"end":{"line":95,"column":52}},"50":{"start":{"line":63,"column":14},"end":{"line":63,"column":29}}},"fnMap":{"0":{"name":"(anonymous_0)","decl":{"start":{"line":10,"column":28},"end":{"line":10,"column":29}},"loc":{"start":{"line":10,"column":105},"end":{"line":10,"column":140}}},"1":{"name":"(anonymous_1)","decl":{"start":{"line":12,"column":20},"end":{"line":12,"column":21}},"loc":{"start":{"line":12,"column":71},"end":{"line":16,"column":1}}},"2":{"name":"(anonymous_2)","decl":{"start":{"line":19,"column":20},"end":{"line":19,"column":21}},"loc":{"start":{"line":19,"column":53},"end":{"line":25,"column":1}}},"3":{"name":"(anonymous_3)","decl":{"start":{"line":27,"column":23},"end":{"line":27,"column":null}},"loc":{"start":{"line":35,"column":4},"end":{"line":61,"column":1}}},"4":{"name":"(anonymous_4)","decl":{"start":{"line":36,"column":47},"end":{"line":36,"column":48}},"loc":{"start":{"line":36,"column":65},"end":{"line":60,"column":3}}},"5":{"name":"(anonymous_5)","decl":{"start":{"line":49,"column":36},"end":{"line":49,"column":39}},"loc":{"start":{"line":49,"column":41},"end":{"line":51,"column":7}}},"6":{"name":"(anonymous_6)","decl":{"start":{"line":52,"column":36},"end":{"line":52,"column":39}},"loc":{"start":{"line":52,"column":41},"end":{"line":54,"column":7}}},"7":{"name":"(anonymous_7)","decl":{"start":{"line":63,"column":29},"end":{"line":63,"column":63}},"loc":{"start":{"line":66,"column":66},"end":{"line":96,"column":3}}},"8":{"name":"(anonymous_8)","decl":{"start":{"line":73,"column":29},"end":{"line":73,"column":30}},"loc":{"start":{"line":73,"column":47},"end":{"line":75,"column":9}}},"9":{"name":"(anonymous_9)","decl":{"start":{"line":78,"column":38},"end":{"line":78,"column":39}},"loc":{"start":{"line":78,"column":53},"end":{"line":82,"column":9}}},"10":{"name":"(anonymous_10)","decl":{"start":{"line":85,"column":36},"end":{"line":85,"column":37}},"loc":{"start":{"line":85,"column":51},"end":{"line":87,"column":7}}},"11":{"name":"(anonymous_11)","decl":{"start":{"line":89,"column":24},"end":{"line":89,"column":27}},"loc":{"start":{"line":89,"column":29},"end":{"line":91,"column":5}}},"12":{"name":"(anonymous_12)","decl":{"start":{"line":90,"column":39},"end":{"line":90,"column":40}},"loc":{"start":{"line":90,"column":59},"end":{"line":90,"column":63}}},"13":{"name":"(anonymous_13)","decl":{"start":{"line":92,"column":25},"end":{"line":92,"column":28}},"loc":{"start":{"line":92,"column":30},"end":{"line":94,"column":5}}},"14":{"name":"(anonymous_14)","decl":{"start":{"line":93,"column":39},"end":{"line":93,"column":40}},"loc":{"start":{"line":93,"column":59},"end":{"line":93,"column":63}}}},"branchMap":{"0":{"loc":{"start":{"line":10,"column":29},"end":{"line":10,"column":42}},"type":"default-arg","locations":[{"start":{"line":10,"column":38},"end":{"line":10,"column":42}}]},"1":{"loc":{"start":{"line":10,"column":44},"end":{"line":10,"column":101}},"type":"default-arg","locations":[{"start":{"line":10,"column":78},"end":{"line":10,"column":101}}]},"2":{"loc":{"start":{"line":10,"column":107},"end":{"line":10,"column":138}},"type":"binary-expr","locations":[{"start":{"line":10,"column":107},"end":{"line":10,"column":132}},{"start":{"line":10,"column":136},"end":{"line":10,"column":138}}]},"3":{"loc":{"start":{"line":10,"column":107},"end":{"line":10,"column":132}},"type":"cond-expr","locations":[{"start":{"line":10,"column":121},"end":{"line":10,"column":123}},{"start":{"line":10,"column":121},"end":{"line":10,"column":132}}]},"4":{"loc":{"start":{"line":10,"column":107},"end":{"line":10,"column":123}},"type":"binary-expr","locations":[{"start":{"line":10,"column":107},"end":{"line":10,"column":123}},{"start":{"line":10,"column":121},"end":{"line":10,"column":123}}]},"5":{"loc":{"start":{"line":10,"column":107},"end":{"line":10,"column":121}},"type":"cond-expr","locations":[{"start":{"line":10,"column":113},"end":{"line":10,"column":115}},{"start":{"line":10,"column":107},"end":{"line":10,"column":121}}]},"6":{"loc":{"start":{"line":10,"column":107},"end":{"line":10,"column":115}},"type":"binary-expr","locations":[{"start":{"line":10,"column":107},"end":{"line":10,"column":115}},{"start":{"line":10,"column":107},"end":{"line":10,"column":115}}]},"7":{"loc":{"start":{"line":20,"column":2},"end":{"line":24,"column":3}},"type":"if","locations":[{"start":{"line":20,"column":2},"end":{"line":24,"column":3}}]},"8":{"loc":{"start":{"line":20,"column":6},"end":{"line":22,"column":10}},"type":"cond-expr","locations":[{"start":{"line":21,"column":6},"end":{"line":21,"column":105}},{"start":{"line":22,"column":6},"end":{"line":22,"column":10}}]},"9":{"loc":{"start":{"line":20,"column":6},"end":{"line":20,"column":45}},"type":"cond-expr","locations":[{"start":{"line":20,"column":27},"end":{"line":20,"column":29}},{"start":{"line":20,"column":27},"end":{"line":20,"column":45}}]},"10":{"loc":{"start":{"line":20,"column":6},"end":{"line":20,"column":29}},"type":"binary-expr","locations":[{"start":{"line":20,"column":6},"end":{"line":20,"column":29}},{"start":{"line":20,"column":27},"end":{"line":20,"column":29}}]},"11":{"loc":{"start":{"line":21,"column":6},"end":{"line":21,"column":105}},"type":"cond-expr","locations":[{"start":{"line":21,"column":27},"end":{"line":21,"column":29}},{"start":{"line":21,"column":27},"end":{"line":21,"column":105}}]},"12":{"loc":{"start":{"line":21,"column":6},"end":{"line":21,"column":29}},"type":"binary-expr","locations":[{"start":{"line":21,"column":6},"end":{"line":21,"column":29}},{"start":{"line":21,"column":27},"end":{"line":21,"column":29}}]},"13":{"loc":{"start":{"line":30,"column":2},"end":{"line":30,"column":47}},"type":"default-arg","locations":[{"start":{"line":30,"column":45},"end":{"line":30,"column":47}}]},"14":{"loc":{"start":{"line":31,"column":2},"end":{"line":31,"column":47}},"type":"default-arg","locations":[{"start":{"line":31,"column":45},"end":{"line":31,"column":47}}]},"15":{"loc":{"start":{"line":34,"column":2},"end":{"line":34,"column":45}},"type":"default-arg","locations":[{"start":{"line":34,"column":36},"end":{"line":34,"column":45}}]},"16":{"loc":{"start":{"line":36,"column":2},"end":{"line":60,"column":4}},"type":"cond-expr","locations":[{"start":{"line":36,"column":37},"end":{"line":36,"column":39}},{"start":{"line":36,"column":37},"end":{"line":60,"column":4}}]},"17":{"loc":{"start":{"line":36,"column":2},"end":{"line":36,"column":39}},"type":"binary-expr","locations":[{"start":{"line":36,"column":2},"end":{"line":36,"column":39}},{"start":{"line":36,"column":37},"end":{"line":36,"column":39}}]},"18":{"loc":{"start":{"line":36,"column":2},"end":{"line":36,"column":37}},"type":"cond-expr","locations":[{"start":{"line":36,"column":23},"end":{"line":36,"column":25}},{"start":{"line":36,"column":23},"end":{"line":36,"column":37}}]},"19":{"loc":{"start":{"line":36,"column":2},"end":{"line":36,"column":25}},"type":"binary-expr","locations":[{"start":{"line":36,"column":2},"end":{"line":36,"column":25}},{"start":{"line":36,"column":23},"end":{"line":36,"column":25}}]},"20":{"loc":{"start":{"line":37,"column":4},"end":{"line":37,"column":44}},"type":"if","locations":[{"start":{"line":37,"column":4},"end":{"line":37,"column":44}}]},"21":{"loc":{"start":{"line":37,"column":9},"end":{"line":37,"column":35}},"type":"cond-expr","locations":[{"start":{"line":37,"column":22},"end":{"line":37,"column":24}},{"start":{"line":37,"column":9},"end":{"line":37,"column":35}}]},"22":{"loc":{"start":{"line":37,"column":9},"end":{"line":37,"column":24}},"type":"binary-expr","locations":[{"start":{"line":37,"column":9},"end":{"line":37,"column":24}},{"start":{"line":37,"column":9},"end":{"line":37,"column":24}}]},"23":{"loc":{"start":{"line":38,"column":4},"end":{"line":40,"column":5}},"type":"if","locations":[{"start":{"line":38,"column":4},"end":{"line":40,"column":5}}]},"24":{"loc":{"start":{"line":42,"column":18},"end":{"line":42,"column":71}},"type":"binary-expr","locations":[{"start":{"line":42,"column":18},"end":{"line":42,"column":22}},{"start":{"line":42,"column":26},"end":{"line":42,"column":71}}]},"25":{"loc":{"start":{"line":43,"column":28},"end":{"line":47,"column":6}},"type":"binary-expr","locations":[{"start":{"line":43,"column":28},"end":{"line":43,"column":49}},{"start":{"line":43,"column":53},"end":{"line":47,"column":6}}]},"26":{"loc":{"start":{"line":43,"column":28},"end":{"line":43,"column":49}},"type":"cond-expr","locations":[{"start":{"line":43,"column":41},"end":{"line":43,"column":43}},{"start":{"line":43,"column":28},"end":{"line":43,"column":49}}]},"27":{"loc":{"start":{"line":43,"column":28},"end":{"line":43,"column":43}},"type":"binary-expr","locations":[{"start":{"line":43,"column":28},"end":{"line":43,"column":43}},{"start":{"line":43,"column":28},"end":{"line":43,"column":43}}]},"28":{"loc":{"start":{"line":48,"column":4},"end":{"line":55,"column":5}},"type":"if","locations":[{"start":{"line":48,"column":4},"end":{"line":55,"column":5}}]},"29":{"loc":{"start":{"line":48,"column":8},"end":{"line":48,"column":46}},"type":"binary-expr","locations":[{"start":{"line":48,"column":8},"end":{"line":48,"column":14}},{"start":{"line":48,"column":18},"end":{"line":48,"column":44}}]},"30":{"loc":{"start":{"line":48,"column":18},"end":{"line":48,"column":44}},"type":"cond-expr","locations":[{"start":{"line":48,"column":31},"end":{"line":48,"column":33}},{"start":{"line":48,"column":18},"end":{"line":48,"column":44}}]},"31":{"loc":{"start":{"line":48,"column":18},"end":{"line":48,"column":33}},"type":"binary-expr","locations":[{"start":{"line":48,"column":18},"end":{"line":48,"column":33}},{"start":{"line":48,"column":18},"end":{"line":48,"column":33}}]},"32":{"loc":{"start":{"line":53,"column":8},"end":{"line":53,"column":64}},"type":"binary-expr","locations":[{"start":{"line":53,"column":8},"end":{"line":53,"column":34}},{"start":{"line":53,"column":38},"end":{"line":53,"column":64}}]},"33":{"loc":{"start":{"line":53,"column":8},"end":{"line":53,"column":34}},"type":"cond-expr","locations":[{"start":{"line":53,"column":21},"end":{"line":53,"column":23}},{"start":{"line":53,"column":8},"end":{"line":53,"column":34}}]},"34":{"loc":{"start":{"line":53,"column":8},"end":{"line":53,"column":23}},"type":"binary-expr","locations":[{"start":{"line":53,"column":8},"end":{"line":53,"column":23}},{"start":{"line":53,"column":8},"end":{"line":53,"column":23}}]},"35":{"loc":{"start":{"line":66,"column":5},"end":{"line":66,"column":62}},"type":"default-arg","locations":[{"start":{"line":66,"column":39},"end":{"line":66,"column":62}}]},"36":{"loc":{"start":{"line":70,"column":4},"end":{"line":88,"column":5}},"type":"if","locations":[{"start":{"line":70,"column":4},"end":{"line":88,"column":5}},{"start":{"line":84,"column":11},"end":{"line":88,"column":5}}]},"37":{"loc":{"start":{"line":70,"column":8},"end":{"line":70,"column":72}},"type":"binary-expr","locations":[{"start":{"line":70,"column":8},"end":{"line":70,"column":36}},{"start":{"line":70,"column":40},"end":{"line":70,"column":72}}]},"38":{"loc":{"start":{"line":72,"column":6},"end":{"line":76,"column":7}},"type":"if","locations":[{"start":{"line":72,"column":6},"end":{"line":76,"column":7}}]},"39":{"loc":{"start":{"line":72,"column":12},"end":{"line":72,"column":28}},"type":"cond-expr","locations":[{"start":{"line":72,"column":22},"end":{"line":72,"column":24}},{"start":{"line":72,"column":12},"end":{"line":72,"column":28}}]},"40":{"loc":{"start":{"line":72,"column":12},"end":{"line":72,"column":24}},"type":"binary-expr","locations":[{"start":{"line":72,"column":12},"end":{"line":72,"column":24}},{"start":{"line":72,"column":12},"end":{"line":72,"column":24}}]},"41":{"loc":{"start":{"line":73,"column":8},"end":{"line":75,"column":10}},"type":"cond-expr","locations":[{"start":{"line":73,"column":18},"end":{"line":73,"column":20}},{"start":{"line":73,"column":8},"end":{"line":75,"column":10}}]},"42":{"loc":{"start":{"line":73,"column":8},"end":{"line":73,"column":20}},"type":"binary-expr","locations":[{"start":{"line":73,"column":8},"end":{"line":73,"column":20}},{"start":{"line":73,"column":8},"end":{"line":73,"column":20}}]},"43":{"loc":{"start":{"line":77,"column":6},"end":{"line":83,"column":7}},"type":"if","locations":[{"start":{"line":77,"column":6},"end":{"line":83,"column":7}}]},"44":{"loc":{"start":{"line":79,"column":10},"end":{"line":81,"column":11}},"type":"if","locations":[{"start":{"line":79,"column":10},"end":{"line":81,"column":11}}]},"45":{"loc":{"start":{"line":84,"column":11},"end":{"line":88,"column":5}},"type":"if","locations":[{"start":{"line":84,"column":11},"end":{"line":88,"column":5}}]}},"s":{"0":1,"1":1,"2":1,"3":0,"4":1,"5":1,"6":4295,"7":4295,"8":4295,"9":1,"10":4295,"11":4295,"12":1,"13":336,"14":4306,"15":0,"16":4306,"17":336,"18":4306,"19":4306,"20":4306,"21":4306,"22":4295,"23":4295,"24":4295,"25":4295,"26":4306,"27":1,"28":196,"29":196,"30":196,"31":196,"32":12,"33":12,"34":12,"35":15,"36":12,"37":12,"38":36,"39":19,"40":184,"41":86,"42":302,"43":196,"44":196,"45":4295,"46":196,"47":196,"48":4295,"49":196,"50":1},"f":{"0":0,"1":4295,"2":4295,"3":336,"4":4306,"5":4295,"6":4295,"7":196,"8":15,"9":36,"10":302,"11":196,"12":4295,"13":196,"14":4295},"b":{"0":[0],"1":[0],"2":[0,0],"3":[0,0],"4":[0,0],"5":[0,0],"6":[0,0],"7":[4295],"8":[0,4295],"9":[0,4295],"10":[4295,4295],"11":[0,0],"12":[0,0],"13":[0],"14":[0],"15":[335],"16":[0,336],"17":[336,336],"18":[0,336],"19":[336,336],"20":[0],"21":[0,4306],"22":[4306,4306],"23":[336],"24":[4306,29],"25":[4306,0],"26":[0,4306],"27":[4306,4306],"28":[4295],"29":[4306,4295],"30":[0,4295],"31":[4295,4295],"32":[4295,4295],"33":[0,4295],"34":[4295,4295],"35":[0],"36":[12,184],"37":[196,194],"38":[12],"39":[0,12],"40":[12,12],"41":[0,12],"42":[12,12],"43":[12],"44":[19],"45":[86]}}
,"C:\\Code\\adax-core\\src\\store\\utils.ts": {"path":"C:\\Code\\adax-core\\src\\store\\utils.ts","statementMap":{"0":{"start":{"line":2,"column":0},"end":{"line":2,"column":37}},"1":{"start":{"line":3,"column":26},"end":{"line":3,"column":102}},"2":{"start":{"line":3,"column":80},"end":{"line":3,"column":102}},"3":{"start":{"line":3,"column":13},"end":{"line":3,"column":26}},"4":{"start":{"line":5,"column":22},"end":{"line":11,"column":1}},"5":{"start":{"line":6,"column":2},"end":{"line":10,"column":3}},"6":{"start":{"line":7,"column":4},"end":{"line":7,"column":51}},"7":{"start":{"line":9,"column":4},"end":{"line":9,"column":17}},"8":{"start":{"line":5,"column":13},"end":{"line":5,"column":22}},"9":{"start":{"line":13,"column":24},"end":{"line":30,"column":1}},"10":{"start":{"line":15,"column":17},"end":{"line":15,"column":18}},"11":{"start":{"line":16,"column":2},"end":{"line":29,"column":4}},"12":{"start":{"line":17,"column":20},"end":{"line":17,"column":24}},"13":{"start":{"line":18,"column":16},"end":{"line":18,"column":36}},"14":{"start":{"line":19,"column":17},"end":{"line":19,"column":31}},"15":{"start":{"line":20,"column":4},"end":{"line":27,"column":5}},"16":{"start":{"line":21,"column":6},"end":{"line":21,"column":28}},"17":{"start":{"line":22,"column":6},"end":{"line":24,"column":22}},"18":{"start":{"line":23,"column":8},"end":{"line":23,"column":34}},"19":{"start":{"line":26,"column":6},"end":{"line":26,"column":32}},"20":{"start":{"line":28,"column":4},"end":{"line":28,"column":19}},"21":{"start":{"line":13,"column":13},"end":{"line":13,"column":24}},"22":{"start":{"line":32,"column":24},"end":{"line":44,"column":1}},"23":{"start":{"line":34,"column":2},"end":{"line":43,"column":4}},"24":{"start":{"line":35,"column":20},"end":{"line":35,"column":24}},"25":{"start":{"line":36,"column":22},"end":{"line":36,"column":54}},"26":{"start":{"line":37,"column":4},"end":{"line":39,"column":5}},"27":{"start":{"line":38,"column":6},"end":{"line":38,"column":28}},"28":{"start":{"line":40,"column":4},"end":{"line":42,"column":13}},"29":{"start":{"line":41,"column":6},"end":{"line":41,"column":37}},"30":{"start":{"line":32,"column":13},"end":{"line":32,"column":24}}},"fnMap":{"0":{"name":"(anonymous_0)","decl":{"start":{"line":3,"column":26},"end":{"line":3,"column":60}},"loc":{"start":{"line":3,"column":80},"end":{"line":3,"column":102}}},"1":{"name":"(anonymous_1)","decl":{"start":{"line":5,"column":22},"end":{"line":5,"column":23}},"loc":{"start":{"line":5,"column":47},"end":{"line":11,"column":1}}},"2":{"name":"(anonymous_2)","decl":{"start":{"line":13,"column":24},"end":{"line":13,"column":25}},"loc":{"start":{"line":13,"column":57},"end":{"line":30,"column":1}}},"3":{"name":"(anonymous_3)","decl":{"start":{"line":16,"column":9},"end":{"line":16,"column":10}},"loc":{"start":{"line":16,"column":27},"end":{"line":29,"column":3}}},"4":{"name":"(anonymous_4)","decl":{"start":{"line":22,"column":27},"end":{"line":22,"column":30}},"loc":{"start":{"line":22,"column":32},"end":{"line":24,"column":7}}},"5":{"name":"(anonymous_5)","decl":{"start":{"line":32,"column":24},"end":{"line":32,"column":25}},"loc":{"start":{"line":32,"column":57},"end":{"line":44,"column":1}}},"6":{"name":"(anonymous_6)","decl":{"start":{"line":34,"column":9},"end":{"line":34,"column":10}},"loc":{"start":{"line":34,"column":28},"end":{"line":43,"column":3}}},"7":{"name":"(anonymous_7)","decl":{"start":{"line":40,"column":25},"end":{"line":40,"column":28}},"loc":{"start":{"line":40,"column":30},"end":{"line":42,"column":5}}}},"branchMap":{"0":{"loc":{"start":{"line":20,"column":4},"end":{"line":27,"column":5}},"type":"if","locations":[{"start":{"line":20,"column":4},"end":{"line":27,"column":5}},{"start":{"line":25,"column":11},"end":{"line":27,"column":5}}]},"1":{"loc":{"start":{"line":37,"column":4},"end":{"line":39,"column":5}},"type":"if","locations":[{"start":{"line":37,"column":4},"end":{"line":39,"column":5}}]}},"s":{"0":1,"1":1,"2":380,"3":1,"4":1,"5":0,"6":0,"7":0,"8":1,"9":1,"10":2,"11":2,"12":100,"13":100,"14":100,"15":100,"16":47,"17":47,"18":10,"19":53,"20":100,"21":1,"22":1,"23":2,"24":120,"25":120,"26":120,"27":118,"28":120,"29":7,"30":1},"f":{"0":380,"1":0,"2":2,"3":100,"4":10,"5":2,"6":120,"7":7},"b":{"0":[47,53],"1":[118]}}
,"C:\\Code\\adax-core\\src\\store\\write.ts": {"path":"C:\\Code\\adax-core\\src\\store\\write.ts","statementMap":{"0":{"start":{"line":9,"column":0},"end":{"line":9,"column":51}},"1":{"start":{"line":11,"column":23},"end":{"line":37,"column":1}},"2":{"start":{"line":17,"column":2},"end":{"line":19,"column":3}},"3":{"start":{"line":18,"column":6},"end":{"line":18,"column":66}},"4":{"start":{"line":20,"column":15},"end":{"line":20,"column":48}},"5":{"start":{"line":21,"column":2},"end":{"line":23,"column":3}},"6":{"start":{"line":22,"column":4},"end":{"line":22,"column":39}},"7":{"start":{"line":28,"column":2},"end":{"line":30,"column":3}},"8":{"start":{"line":29,"column":4},"end":{"line":29,"column":55}},"9":{"start":{"line":31,"column":22},"end":{"line":31,"column":62}},"10":{"start":{"line":32,"column":2},"end":{"line":34,"column":3}},"11":{"start":{"line":33,"column":4},"end":{"line":33,"column":29}},"12":{"start":{"line":11,"column":13},"end":{"line":11,"column":23}},"13":{"start":{"line":39,"column":26},"end":{"line":57,"column":1}},"14":{"start":{"line":43,"column":17},"end":{"line":43,"column":49}},"15":{"start":{"line":44,"column":4},"end":{"line":49,"column":5}},"16":{"start":{"line":45,"column":6},"end":{"line":45,"column":38}},"17":{"start":{"line":46,"column":6},"end":{"line":48,"column":7}},"18":{"start":{"line":47,"column":8},"end":{"line":47,"column":44}},"19":{"start":{"line":50,"column":24},"end":{"line":50,"column":63}},"20":{"start":{"line":51,"column":4},"end":{"line":56,"column":5}},"21":{"start":{"line":52,"column":6},"end":{"line":52,"column":null}},"22":{"start":{"line":53,"column":6},"end":{"line":55,"column":7}},"23":{"start":{"line":54,"column":8},"end":{"line":54,"column":null}},"24":{"start":{"line":39,"column":13},"end":{"line":39,"column":26}},"25":{"start":{"line":59,"column":29},"end":{"line":62,"column":1}},"26":{"start":{"line":60,"column":2},"end":{"line":60,"column":30}},"27":{"start":{"line":61,"column":2},"end":{"line":61,"column":37}},"28":{"start":{"line":59,"column":13},"end":{"line":59,"column":29}},"29":{"start":{"line":67,"column":58},"end":{"line":74,"column":1}},"30":{"start":{"line":69,"column":4},"end":{"line":71,"column":5}},"31":{"start":{"line":70,"column":8},"end":{"line":70,"column":77}},"32":{"start":{"line":72,"column":4},"end":{"line":72,"column":86}},"33":{"start":{"line":73,"column":4},"end":{"line":73,"column":25}},"34":{"start":{"line":64,"column":13},"end":{"line":64,"column":null}},"35":{"start":{"line":77,"column":4},"end":{"line":86,"column":1}},"36":{"start":{"line":78,"column":28},"end":{"line":78,"column":62}},"37":{"start":{"line":79,"column":6},"end":{"line":84,"column":7}},"38":{"start":{"line":80,"column":8},"end":{"line":80,"column":56}},"39":{"start":{"line":81,"column":8},"end":{"line":83,"column":9}},"40":{"start":{"line":82,"column":10},"end":{"line":82,"column":null}},"41":{"start":{"line":76,"column":13},"end":{"line":76,"column":null}},"42":{"start":{"line":88,"column":26},"end":{"line":105,"column":1}},"43":{"start":{"line":99,"column":2},"end":{"line":104,"column":5}},"44":{"start":{"line":88,"column":13},"end":{"line":88,"column":26}}},"fnMap":{"0":{"name":"(anonymous_0)","decl":{"start":{"line":11,"column":23},"end":{"line":11,"column":24}},"loc":{"start":{"line":15,"column":64},"end":{"line":37,"column":1}}},"1":{"name":"(anonymous_1)","decl":{"start":{"line":39,"column":26},"end":{"line":39,"column":27}},"loc":{"start":{"line":42,"column":66},"end":{"line":57,"column":1}}},"2":{"name":"(anonymous_2)","decl":{"start":{"line":59,"column":29},"end":{"line":59,"column":30}},"loc":{"start":{"line":59,"column":91},"end":{"line":62,"column":1}}},"3":{"name":"(anonymous_3)","decl":{"start":{"line":67,"column":58},"end":{"line":67,"column":null}},"loc":{"start":{"line":68,"column":120},"end":{"line":74,"column":1}}},"4":{"name":"(anonymous_4)","decl":{"start":{"line":77,"column":4},"end":{"line":77,"column":5}},"loc":{"start":{"line":77,"column":117},"end":{"line":86,"column":1}}},"5":{"name":"(anonymous_5)","decl":{"start":{"line":88,"column":26},"end":{"line":88,"column":null}},"loc":{"start":{"line":98,"column":4},"end":{"line":105,"column":1}}}},"branchMap":{"0":{"loc":{"start":{"line":15,"column":3},"end":{"line":15,"column":60}},"type":"default-arg","locations":[{"start":{"line":15,"column":37},"end":{"line":15,"column":60}}]},"1":{"loc":{"start":{"line":17,"column":2},"end":{"line":19,"column":3}},"type":"if","locations":[{"start":{"line":17,"column":2},"end":{"line":19,"column":3}}]},"2":{"loc":{"start":{"line":21,"column":2},"end":{"line":23,"column":3}},"type":"if","locations":[{"start":{"line":21,"column":2},"end":{"line":23,"column":3}}]},"3":{"loc":{"start":{"line":28,"column":2},"end":{"line":30,"column":3}},"type":"if","locations":[{"start":{"line":28,"column":2},"end":{"line":30,"column":3}}]},"4":{"loc":{"start":{"line":32,"column":2},"end":{"line":34,"column":3}},"type":"if","locations":[{"start":{"line":32,"column":2},"end":{"line":34,"column":3}}]},"5":{"loc":{"start":{"line":42,"column":5},"end":{"line":42,"column":62}},"type":"default-arg","locations":[{"start":{"line":42,"column":39},"end":{"line":42,"column":62}}]},"6":{"loc":{"start":{"line":44,"column":4},"end":{"line":49,"column":5}},"type":"if","locations":[{"start":{"line":44,"column":4},"end":{"line":49,"column":5}}]},"7":{"loc":{"start":{"line":44,"column":8},"end":{"line":44,"column":37}},"type":"cond-expr","locations":[{"start":{"line":44,"column":12},"end":{"line":44,"column":14}},{"start":{"line":44,"column":8},"end":{"line":44,"column":37}}]},"8":{"loc":{"start":{"line":44,"column":8},"end":{"line":44,"column":14}},"type":"binary-expr","locations":[{"start":{"line":44,"column":8},"end":{"line":44,"column":14}},{"start":{"line":44,"column":8},"end":{"line":44,"column":14}}]},"9":{"loc":{"start":{"line":46,"column":6},"end":{"line":48,"column":7}},"type":"if","locations":[{"start":{"line":46,"column":6},"end":{"line":48,"column":7}}]},"10":{"loc":{"start":{"line":51,"column":4},"end":{"line":56,"column":5}},"type":"if","locations":[{"start":{"line":51,"column":4},"end":{"line":56,"column":5}}]},"11":{"loc":{"start":{"line":51,"column":8},"end":{"line":51,"column":33}},"type":"cond-expr","locations":[{"start":{"line":51,"column":19},"end":{"line":51,"column":21}},{"start":{"line":51,"column":8},"end":{"line":51,"column":33}}]},"12":{"loc":{"start":{"line":51,"column":8},"end":{"line":51,"column":21}},"type":"binary-expr","locations":[{"start":{"line":51,"column":8},"end":{"line":51,"column":21}},{"start":{"line":51,"column":8},"end":{"line":51,"column":21}}]},"13":{"loc":{"start":{"line":53,"column":6},"end":{"line":55,"column":7}},"type":"if","locations":[{"start":{"line":53,"column":6},"end":{"line":55,"column":7}}]},"14":{"loc":{"start":{"line":59,"column":30},"end":{"line":59,"column":87}},"type":"default-arg","locations":[{"start":{"line":59,"column":64},"end":{"line":59,"column":87}}]},"15":{"loc":{"start":{"line":68,"column":84},"end":{"line":68,"column":116}},"type":"default-arg","locations":[{"start":{"line":68,"column":93},"end":{"line":68,"column":116}}]},"16":{"loc":{"start":{"line":69,"column":4},"end":{"line":71,"column":5}},"type":"if","locations":[{"start":{"line":69,"column":4},"end":{"line":71,"column":5}}]},"17":{"loc":{"start":{"line":77,"column":81},"end":{"line":77,"column":113}},"type":"default-arg","locations":[{"start":{"line":77,"column":90},"end":{"line":77,"column":113}}]},"18":{"loc":{"start":{"line":79,"column":6},"end":{"line":84,"column":7}},"type":"if","locations":[{"start":{"line":79,"column":6},"end":{"line":84,"column":7}}]},"19":{"loc":{"start":{"line":81,"column":8},"end":{"line":83,"column":9}},"type":"if","locations":[{"start":{"line":81,"column":8},"end":{"line":83,"column":9}}]},"20":{"loc":{"start":{"line":97,"column":5},"end":{"line":97,"column":37}},"type":"default-arg","locations":[{"start":{"line":97,"column":14},"end":{"line":97,"column":37}}]}},"s":{"0":1,"1":1,"2":15,"3":12,"4":15,"5":15,"6":15,"7":15,"8":13,"9":15,"10":15,"11":15,"12":1,"13":1,"14":1,"15":1,"16":1,"17":1,"18":0,"19":1,"20":1,"21":1,"22":1,"23":0,"24":1,"25":1,"26":26,"27":26,"28":1,"29":1,"30":62,"31":5,"32":62,"33":62,"34":1,"35":1,"36":2,"37":2,"38":2,"39":2,"40":0,"41":1,"42":1,"43":98,"44":1},"f":{"0":15,"1":1,"2":26,"3":62,"4":2,"5":98},"b":{"0":[15],"1":[12],"2":[15],"3":[13],"4":[15],"5":[1],"6":[1],"7":[0,1],"8":[1,1],"9":[0],"10":[1],"11":[0,1],"12":[1,1],"13":[0],"14":[26],"15":[0],"16":[5],"17":[0],"18":[2],"19":[0],"20":[98]}}
}
