TN:
SF:src\index.ts
FN:8,(anonymous_0)
FN:8,(anonymous_1)
FN:9,(anonymous_2)
FN:9,(anonymous_3)
FN:10,(anonymous_4)
FN:10,(anonymous_5)
FN:10,(anonymous_6)
FN:10,(anonymous_7)
FN:10,(anonymous_8)
FN:10,(anonymous_9)
FN:15,(anonymous_10)
FN:23,(anonymous_11)
FN:31,(anonymous_12)
FN:51,(anonymous_13)
FN:60,(anonymous_14)
FNF:15
FNH:10
FNDA:1,(anonymous_0)
FNDA:21,(anonymous_1)
FNDA:0,(anonymous_2)
FNDA:0,(anonymous_3)
FNDA:0,(anonymous_4)
FNDA:0,(anonymous_5)
FNDA:15,(anonymous_6)
FNDA:1,(anonymous_7)
FNDA:26,(anonymous_8)
FNDA:0,(anonymous_9)
FNDA:196,(anonymous_10)
FNDA:196,(anonymous_11)
FNDA:60,(anonymous_12)
FNDA:62,(anonymous_13)
FNDA:2,(anonymous_14)
DA:1,1
DA:2,1
DA:3,1
DA:4,1
DA:8,22
DA:9,1
DA:10,27
DA:13,1
DA:15,1
DA:20,196
DA:21,196
DA:22,196
DA:23,196
DA:24,196
DA:25,196
DA:26,98
DA:31,1
DA:38,60
DA:39,60
DA:40,60
DA:41,60
DA:42,4
DA:43,0
DA:45,4
DA:46,2
DA:47,2
DA:48,2
DA:51,60
DA:52,62
DA:60,60
DA:61,2
DA:70,60
LF:32
LH:31
BRDA:18,0,0,97
BRDA:25,1,0,98
BRDA:35,2,0,53
BRDA:36,3,0,58
BRDA:38,4,0,0
BRDA:38,4,1,60
BRDA:38,5,0,60
BRDA:38,5,1,60
BRDA:39,6,0,1
BRDA:39,6,1,59
BRDA:39,7,0,0
BRDA:39,7,1,60
BRDA:39,8,0,60
BRDA:39,8,1,60
BRDA:41,9,0,4
BRDA:41,10,0,60
BRDA:41,10,1,58
BRDA:42,11,0,0
BRDA:42,12,0,4
BRDA:42,12,1,2
BRDA:45,13,0,2
BRDA:45,13,1,2
BRDA:47,14,0,2
BRDA:55,15,0,62
BRDA:55,15,1,4
BRDA:65,16,0,2
BRDA:65,16,1,0
BRF:27
BRH:23
end_of_record
TN:
SF:src\store\index.ts
FN:27,(anonymous_0)
FN:38,(anonymous_1)
FN:34,(anonymous_2)
FNF:3
FNH:2
FNDA:2,(anonymous_0)
FNDA:60,(anonymous_1)
FNDA:0,(anonymous_2)
DA:9,2
DA:16,2
DA:23,1
DA:24,1
DA:25,1
DA:28,2
DA:29,2
DA:30,2
DA:31,2
DA:35,0
DA:38,2
DA:39,60
DA:40,0
DA:41,0
DA:43,60
DA:47,1
DA:49,1
LF:17
LH:14
BRDA:27,0,0,2
BRDA:39,1,0,0
BRDA:39,2,0,60
BRDA:39,2,1,1
BRDA:40,3,0,0
BRDA:40,3,1,0
BRF:6
BRH:3
end_of_record
TN:
SF:src\store\read.ts
FN:10,(anonymous_0)
FN:13,(anonymous_1)
FN:19,(anonymous_2)
FN:27,(anonymous_3)
FN:36,(anonymous_4)
FN:49,(anonymous_5)
FN:52,(anonymous_6)
FN:63,(anonymous_7)
FN:73,(anonymous_8)
FN:78,(anonymous_9)
FN:85,(anonymous_10)
FN:89,(anonymous_11)
FN:90,(anonymous_12)
FN:92,(anonymous_13)
FN:93,(anonymous_14)
FNF:15
FNH:14
FNDA:0,(anonymous_0)
FNDA:4295,(anonymous_1)
FNDA:4295,(anonymous_2)
FNDA:336,(anonymous_3)
FNDA:4306,(anonymous_4)
FNDA:4295,(anonymous_5)
FNDA:4295,(anonymous_6)
FNDA:196,(anonymous_7)
FNDA:15,(anonymous_8)
FNDA:36,(anonymous_9)
FNDA:302,(anonymous_10)
FNDA:196,(anonymous_11)
FNDA:4295,(anonymous_12)
FNDA:196,(anonymous_13)
FNDA:4295,(anonymous_14)
DA:7,1
DA:8,1
DA:10,1
DA:11,0
DA:13,1
DA:14,4295
DA:15,4295
DA:16,4295
DA:19,1
DA:20,4295
DA:23,4295
DA:27,1
DA:36,336
DA:37,4306
DA:38,4306
DA:39,336
DA:41,4306
DA:42,4306
DA:43,4306
DA:48,4306
DA:49,4295
DA:50,4295
DA:52,4295
DA:53,4295
DA:56,4306
DA:63,1
DA:67,196
DA:68,196
DA:69,196
DA:70,196
DA:71,12
DA:72,12
DA:73,12
DA:74,15
DA:77,12
DA:78,12
DA:79,36
DA:80,19
DA:84,184
DA:85,86
DA:86,302
DA:89,196
DA:90,4295
DA:92,196
DA:93,4295
DA:95,196
LF:46
LH:45
BRDA:10,0,0,0
BRDA:10,1,0,0
BRDA:11,2,0,0
BRDA:11,2,1,0
BRDA:11,3,0,0
BRDA:11,3,1,0
BRDA:11,4,0,0
BRDA:11,4,1,0
BRDA:11,5,0,0
BRDA:11,5,1,0
BRDA:11,6,0,0
BRDA:11,6,1,0
BRDA:20,7,0,4295
BRDA:20,8,0,0
BRDA:20,8,1,4295
BRDA:20,9,0,0
BRDA:20,9,1,4295
BRDA:20,10,0,4295
BRDA:20,10,1,4295
BRDA:21,11,0,0
BRDA:21,11,1,0
BRDA:21,12,0,0
BRDA:21,12,1,0
BRDA:30,13,0,0
BRDA:31,14,0,0
BRDA:34,15,0,335
BRDA:36,16,0,0
BRDA:36,16,1,336
BRDA:36,17,0,336
BRDA:36,17,1,336
BRDA:36,18,0,0
BRDA:36,18,1,336
BRDA:36,19,0,336
BRDA:36,19,1,336
BRDA:37,20,0,0
BRDA:37,21,0,0
BRDA:37,21,1,4306
BRDA:37,22,0,4306
BRDA:37,22,1,4306
BRDA:38,23,0,336
BRDA:42,24,0,4306
BRDA:42,24,1,29
BRDA:43,25,0,4306
BRDA:43,25,1,0
BRDA:43,26,0,0
BRDA:43,26,1,4306
BRDA:43,27,0,4306
BRDA:43,27,1,4306
BRDA:48,28,0,4295
BRDA:48,29,0,4306
BRDA:48,29,1,4295
BRDA:48,30,0,0
BRDA:48,30,1,4295
BRDA:48,31,0,4295
BRDA:48,31,1,4295
BRDA:53,32,0,4295
BRDA:53,32,1,4295
BRDA:53,33,0,0
BRDA:53,33,1,4295
BRDA:53,34,0,4295
BRDA:53,34,1,4295
BRDA:66,35,0,0
BRDA:70,36,0,12
BRDA:70,36,1,184
BRDA:70,37,0,196
BRDA:70,37,1,194
BRDA:72,38,0,12
BRDA:72,39,0,0
BRDA:72,39,1,12
BRDA:72,40,0,12
BRDA:72,40,1,12
BRDA:73,41,0,0
BRDA:73,41,1,12
BRDA:73,42,0,12
BRDA:73,42,1,12
BRDA:77,43,0,12
BRDA:79,44,0,19
BRDA:84,45,0,86
BRF:78
BRH:47
end_of_record
TN:
SF:src\store\utils.ts
FN:3,(anonymous_0)
FN:5,(anonymous_1)
FN:13,(anonymous_2)
FN:16,(anonymous_3)
FN:22,(anonymous_4)
FN:32,(anonymous_5)
FN:34,(anonymous_6)
FN:40,(anonymous_7)
FNF:8
FNH:7
FNDA:380,(anonymous_0)
FNDA:0,(anonymous_1)
FNDA:2,(anonymous_2)
FNDA:100,(anonymous_3)
FNDA:3,(anonymous_4)
FNDA:2,(anonymous_5)
FNDA:120,(anonymous_6)
FNDA:4,(anonymous_7)
DA:2,1
DA:3,380
DA:5,1
DA:6,0
DA:7,0
DA:9,0
DA:13,1
DA:15,2
DA:16,2
DA:17,100
DA:18,100
DA:19,100
DA:20,100
DA:21,49
DA:22,49
DA:23,3
DA:26,51
DA:28,100
DA:32,1
DA:34,2
DA:35,120
DA:36,120
DA:37,120
DA:38,118
DA:40,120
DA:41,4
LF:26
LH:23
BRDA:20,0,0,49
BRDA:20,0,1,51
BRDA:37,1,0,118
BRF:3
BRH:3
end_of_record
TN:
SF:src\store\write.ts
FN:11,(anonymous_0)
FN:37,(anonymous_1)
FN:57,(anonymous_2)
FN:65,(anonymous_3)
FN:75,(anonymous_4)
FN:86,(anonymous_5)
FNF:6
FNH:6
FNDA:15,(anonymous_0)
FNDA:1,(anonymous_1)
FNDA:26,(anonymous_2)
FNDA:62,(anonymous_3)
FNDA:2,(anonymous_4)
FNDA:98,(anonymous_5)
DA:9,1
DA:11,1
DA:17,15
DA:18,12
DA:20,15
DA:21,15
DA:22,15
DA:28,15
DA:29,13
DA:31,15
DA:32,15
DA:33,15
DA:37,1
DA:41,1
DA:42,1
DA:43,1
DA:44,1
DA:45,0
DA:48,1
DA:49,1
DA:50,1
DA:51,1
DA:52,0
DA:57,1
DA:58,26
DA:59,26
DA:62,1
DA:65,1
DA:67,62
DA:68,5
DA:70,62
DA:71,62
DA:74,1
DA:75,1
DA:76,2
DA:77,2
DA:78,2
DA:79,2
DA:80,0
DA:86,1
DA:97,98
LF:41
LH:38
BRDA:15,0,0,15
BRDA:17,1,0,12
BRDA:21,2,0,15
BRDA:28,3,0,13
BRDA:32,4,0,15
BRDA:40,5,0,1
BRDA:42,6,0,1
BRDA:42,7,0,0
BRDA:42,7,1,1
BRDA:42,8,0,1
BRDA:42,8,1,1
BRDA:44,9,0,0
BRDA:49,10,0,1
BRDA:49,11,0,0
BRDA:49,11,1,1
BRDA:49,12,0,1
BRDA:49,12,1,1
BRDA:51,13,0,0
BRDA:57,14,0,26
BRDA:66,15,0,0
BRDA:67,16,0,5
BRDA:75,17,0,0
BRDA:77,18,0,2
BRDA:79,19,0,0
BRDA:95,20,0,98
BRF:25
BRH:18
end_of_record
